c:\users\natha\documents\visual studio 2017\win32oop - template\win32oop - template\x64\debug\vc141.pdb
c:\users\natha\documents\visual studio 2017\win32oop - template\win32oop - template\x64\debug\vc141.idb
c:\users\natha\documents\visual studio 2017\win32oop - template\win32oop - template\x64\debug\wwinmain.obj
c:\users\natha\documents\visual studio 2017\win32oop - template\win32oop - template\x64\debug\window_c.obj
c:\users\natha\documents\visual studio 2017\win32oop - template\win32oop - template\x64\debug\toolbar_c.obj
c:\users\natha\documents\visual studio 2017\win32oop - template\win32oop - template\x64\debug\statusbar_c.obj
c:\users\natha\documents\visual studio 2017\win32oop - template\win32oop - template\x64\debug\menubar_c.obj
c:\users\natha\documents\visual studio 2017\win32oop - template\win32oop - template\x64\debug\mainwindowprocedure.obj
c:\users\natha\documents\visual studio 2017\win32oop - template\win32oop - template\x64\debug\dialogprocedures.obj
c:\users\natha\documents\visual studio 2017\win32oop - template\win32oop - template\x64\debug\combobox_c.obj
c:\users\natha\documents\visual studio 2017\win32oop - template\win32oop - template\x64\debug\editorwinproc.obj
c:\users\natha\documents\visual studio 2017\win32oop - template\x64\debug\win32oop - template.exe
c:\users\natha\documents\visual studio 2017\win32oop - template\x64\debug\win32oop - template.ilk
c:\users\natha\documents\visual studio 2017\win32oop - template\x64\debug\win32oop - template.pdb
c:\users\natha\documents\visual studio 2017\win32oop - template\win32oop - template\x64\debug\resource.res
c:\users\natha\documents\visual studio 2017\win32oop - template\win32oop - template\x64\debug\win32oop - template.exe.embed.manifest.res
c:\users\natha\documents\visual studio 2017\win32oop - template\win32oop - template\x64\debug\win32oop - template.exe.embed.manifest
c:\users\natha\documents\visual studio 2017\win32oop - template\win32oop - template\x64\debug\win32oop - template_manifest.rc
c:\users\natha\documents\visual studio 2017\win32oop - template\win32oop - template\x64\debug\win32oop.d1956f35.tlog\cl.command.1.tlog
c:\users\natha\documents\visual studio 2017\win32oop - template\win32oop - template\x64\debug\win32oop.d1956f35.tlog\cl.read.1.tlog
c:\users\natha\documents\visual studio 2017\win32oop - template\win32oop - template\x64\debug\win32oop.d1956f35.tlog\cl.write.1.tlog
c:\users\natha\documents\visual studio 2017\win32oop - template\win32oop - template\x64\debug\win32oop.d1956f35.tlog\link.command.1.tlog
c:\users\natha\documents\visual studio 2017\win32oop - template\win32oop - template\x64\debug\win32oop.d1956f35.tlog\link.read.1.tlog
c:\users\natha\documents\visual studio 2017\win32oop - template\win32oop - template\x64\debug\win32oop.d1956f35.tlog\link.write.1.tlog
c:\users\natha\documents\visual studio 2017\win32oop - template\win32oop - template\x64\debug\win32oop.d1956f35.tlog\rc.command.1.tlog
c:\users\natha\documents\visual studio 2017\win32oop - template\win32oop - template\x64\debug\win32oop.d1956f35.tlog\rc.read.1.tlog
c:\users\natha\documents\visual studio 2017\win32oop - template\win32oop - template\x64\debug\win32oop.d1956f35.tlog\rc.write.1.tlog
