Environment at start of build:
ALLUSERSPROFILE = C:\ProgramData
APPDATA = C:\Users\natha\AppData\Roaming
CommonProgramFiles = C:\Program Files (x86)\Common Files
CommonProgramFiles(x86) = C:\Program Files (x86)\Common Files
CommonProgramW6432 = C:\Program Files\Common Files
COMPUTERNAME = DESKTOP-6I518S3
ComSpec = C:\WINDOWS\system32\cmd.exe
DriverData = C:\Windows\System32\Drivers\DriverData
FORCEIDENTITYDEVICEFLOW = True
FPS_BROWSER_APP_PROFILE_STRING = Internet Explorer
FPS_BROWSER_USER_PROFILE_STRING = Default
HOMEDRIVE = C:
HOMEPATH = \Users\natha
LOCALAPPDATA = C:\Users\natha\AppData\Local
LOGONSERVER = \\DESKTOP-6I518S3
MSBuildLoadMicrosoftTargetsReadOnly = true
NUMBER_OF_PROCESSORS = 4
OneDrive = C:\Users\natha\OneDrive
OS = Windows_NT
Path = C:\Program Files (x86)\Common Files\Oracle\Java\javapath;C:\Program Files (x86)\Intel\Intel(R) Management Engine Components\iCLS\;C:\Program Files\Intel\Intel(R) Management Engine Components\iCLS\;C:\WINDOWS\system32;C:\WINDOWS;C:\WINDOWS\System32\Wbem;C:\WINDOWS\System32\WindowsPowerShell\v1.0\;C:\WINDOWS\System32\OpenSSH\;C:\Program Files\dotnet\;C:\Program Files\Microsoft SQL Server\130\Tools\Binn\;C:\Program Files (x86)\Intel\Intel(R) Management Engine Components\DAL;C:\Program Files\Intel\Intel(R) Management Engine Components\DAL;C:\Program Files (x86)\Intel\Intel(R) Management Engine Components\IPT;C:\Program Files\Intel\Intel(R) Management Engine Components\IPT;C:\Program Files\Intel\WiFi\bin\;C:\Program Files\Common Files\Intel\WirelessCommon\;C:\Program Files\MATLAB\R2018a\bin;C:\Program Files (x86)\PharosSystems\Core;C:\Program Files\Git\cmd;C:\Users\natha\AppData\Local\Programs\Python\Python37\Scripts\;C:\Users\natha\AppData\Local\Programs\Python\Python37\;C:\Users\natha\AppData\Local\Microsoft\WindowsApps;C:\Program Files\Intel\WiFi\bin\;C:\Program Files\Common Files\Intel\WirelessCommon\
PATHEXT = .COM;.EXE;.BAT;.CMD;.VBS;.VBE;.JS;.JSE;.WSF;.WSH;.MSC
PkgDefApplicationConfigFile = C:\Users\natha\AppData\Local\Microsoft\VisualStudio\15.0_53d67e9f\devenv.exe.config
PROCESSOR_ARCHITECTURE = x86
PROCESSOR_ARCHITEW6432 = AMD64
PROCESSOR_IDENTIFIER = Intel64 Family 6 Model 142 Stepping 9, GenuineIntel
PROCESSOR_LEVEL = 6
PROCESSOR_REVISION = 8e09
ProgramData = C:\ProgramData
ProgramFiles = C:\Program Files (x86)
ProgramFiles(x86) = C:\Program Files (x86)
ProgramW6432 = C:\Program Files
PSModulePath = C:\Program Files\WindowsPowerShell\Modules;C:\WINDOWS\system32\WindowsPowerShell\v1.0\Modules
PUBLIC = C:\Users\Public
SESSIONNAME = Console
SystemDrive = C:
SystemRoot = C:\WINDOWS
TEMP = C:\Users\natha\AppData\Local\Temp
TMP = C:\Users\natha\AppData\Local\Temp
USERDOMAIN = DESKTOP-6I518S3
USERDOMAIN_ROAMINGPROFILE = DESKTOP-6I518S3
USERNAME = Nathaniel Brooks
USERPROFILE = C:\Users\natha
VBOX_MSI_INSTALL_PATH = C:\Program Files\Oracle\VirtualBox\
VisualStudioDir = C:\Users\natha\Documents\Visual Studio 2017
VisualStudioEdition = Microsoft Visual Studio Community 2017
VisualStudioVersion = 15.0
VSAPPIDDIR = C:\Program Files (x86)\Microsoft Visual Studio\2017\Community\Common7\IDE\
VSAPPIDNAME = devenv.exe
VSLANG = 1033
VSSKUEDITION = Community
windir = C:\WINDOWS

  MainWindowProcedure.cpp
c:\users\natha\documents\visual studio 2017\win32oop - template\win32oop - template\mainwindowprocedure.cpp(192): warning C4302: 'type cast': truncation from 'LPWSTR' to 'WORD'
c:\users\natha\documents\visual studio 2017\win32oop - template\win32oop - template\mainwindowprocedure.cpp(345): warning C4244: 'initializing': conversion from 'INT_PTR' to 'int', possible loss of data
c:\users\natha\documents\visual studio 2017\win32oop - template\win32oop - template\mainwindowprocedure.cpp(381): warning C4065: switch statement contains 'default' but no 'case' labels
c:\users\natha\documents\visual studio 2017\win32oop - template\win32oop - template\mainwindowprocedure.cpp(403): warning C4065: switch statement contains 'default' but no 'case' labels
  Win32OOP - Template.vcxproj -> C:\Users\natha\Documents\Visual Studio 2017\Win32OOP - Template\x64\Debug\Win32OOP - Template.exe

Project Performance Summary:
      995 ms  C:\Users\natha\Documents\Visual Studio 2017\Win32OOP - Template\Win32OOP - Template\Win32OOP - Template.vcxproj   1 calls
                995 ms  Build                                      1 calls

Target Performance Summary:
        0 ms  Build                                      1 calls
        0 ms  ComputeManifestInputsTargets               1 calls
        0 ms  ComputeLinkInputsFromProject               1 calls
        0 ms  ComputeCLOutputs                           1 calls
        0 ms  ComputeCustomBuildOutput                   1 calls
        0 ms  ComputeRCGeneratedLinkInputs               1 calls
        0 ms  ComputeRCOutputs                           1 calls
        0 ms  BeforeLink                                 1 calls
        0 ms  ComputeLegacyManifestEmbedding             1 calls
        0 ms  BuildLinkTraverse                          1 calls
        0 ms  BuildCompile                               1 calls
        0 ms  _BuildCompileAction                        1 calls
        0 ms  _ResourceCompile                           1 calls
        0 ms  AfterResourceCompile                       1 calls
        0 ms  SelectResourceCompile                      1 calls
        0 ms  MakeDirsForResourceCompile                 1 calls
        0 ms  CopyFilesToOutputDirectory                 1 calls
        0 ms  _ClCompile                                 1 calls
        0 ms  AfterClCompile                             1 calls
        0 ms  _BuildLinkAction                           1 calls
        0 ms  CreateCustomManifestResourceNames          1 calls
        0 ms  PrepareResourceNames                       1 calls
        0 ms  DoLinkOutputFilesMatch                     1 calls
        0 ms  PreLinkEvent                               1 calls
        0 ms  _CheckForCompileOutputs                    1 calls
        0 ms  _CopySourceItemsToOutputDirectory          1 calls
        0 ms  GetCopyToOutputDirectoryItems              1 calls
        0 ms  GetCopyToOutputDirectoryXamlAppDefs        1 calls
        0 ms  _Deploy                                    1 calls
        0 ms  _Appverifier                               1 calls
        0 ms  CreateSatelliteAssemblies                  1 calls
        0 ms  _GenerateSatelliteAssemblyInputs           1 calls
        0 ms  _BscMake                                   1 calls
        0 ms  SelectClCompile                            1 calls
        0 ms  MakeDirsForBscMake                         1 calls
        0 ms  _XdcMake                                   1 calls
        0 ms  MakeDirsForXdcMake                         1 calls
        0 ms  ResolvedXDCMake                            1 calls
        0 ms  RegisterOutput                             1 calls
        0 ms  _Manifest                                  1 calls
        0 ms  _ALink                                     1 calls
        0 ms  _Link                                      1 calls
        0 ms  AfterLink                                  1 calls
        0 ms  PostBuildEvent                             1 calls
        0 ms  ComputeCLCompileGeneratedSbrFiles          1 calls
        0 ms  SelectCustomBuild                          1 calls
        0 ms  BeforeResourceCompile                      1 calls
        0 ms  FixupCLCompileOptions                      1 calls
        0 ms  BuildLink                                  1 calls
        0 ms  AfterResolveReferences                     1 calls
        0 ms  ResolveAssemblyReferences                  1 calls
        0 ms  ExpandSDKReferences                        1 calls
        0 ms  ResolveSDKReferences                       1 calls
        0 ms  AfterBuild                                 1 calls
        0 ms  SetCABuildNativeEnvironmentVariables       1 calls
        0 ms  PlatformPrepareForBuild                    1 calls
        0 ms  GetResolvedWinMD                           1 calls
        0 ms  GetReferenceAssemblyPaths                  1 calls
        0 ms  GetFrameworkPaths                          1 calls
        0 ms  ResolveProjectReferences                   1 calls
        0 ms  PrepareProjectReferences                   1 calls
        0 ms  _SplitProjectReferencesByFileExistence     1 calls
        0 ms  BeforeResolveReferences                    1 calls
        0 ms  _PrepareForReferenceResolution             1 calls
        0 ms  _PrepareForBuild                           1 calls
        0 ms  BuildGenerateSourcesTraverse               1 calls
        0 ms  BeforeBuildGenerateSources                 1 calls
        0 ms  ResolveReferences                          1 calls
        0 ms  AfterBuildGenerateSources                  1 calls
        0 ms  ComputeReferenceCLInput                    1 calls
        0 ms  BeforeClCompile                            1 calls
        0 ms  BuildCompileTraverse                       1 calls
        0 ms  BuildGenerateSources                       1 calls
        0 ms  _BuildGenerateSourcesAction                1 calls
        0 ms  AfterBuildGenerateSourcesEvent             1 calls
        0 ms  PreBuildEvent                              1 calls
        0 ms  _Midl                                      1 calls
        0 ms  AfterMidl                                  1 calls
        0 ms  ComputeMIDLGeneratedCompileInputs          1 calls
        0 ms  PrepareForRun                              1 calls
        0 ms  MakeDirsForMidl                            1 calls
        0 ms  _Xsd                                       1 calls
        0 ms  _SelectedFiles                             1 calls
        1 ms  AfterBuildCompileEvent                     1 calls
        1 ms  ComputeCLInputPDBName                      1 calls
        1 ms  AssignTargetPaths                          1 calls
        1 ms  MakeDirsForLink                            1 calls
        1 ms  SetTelemetryEnvironmentVariables           1 calls
        1 ms  AssignProjectConfiguration                 1 calls
        1 ms  _GetProjectReferenceTargetFrameworkProperties   1 calls
        1 ms  ComputeLinkImportLibraryOutputsForClean    1 calls
        1 ms  MakeDirsForCl                              1 calls
        1 ms  ComputeCLCompileGeneratedXDCFiles          1 calls
        1 ms  SetBuildDefaultEnvironmentVariables        1 calls
        1 ms  ComputeManifestGeneratedLinkerInputs       1 calls
        1 ms  _HandlePackageFileConflicts                1 calls
        1 ms  SplitResourcesByCulture                    1 calls
        1 ms  ComputeLinkSwitches                        1 calls
        1 ms  CopyFileToFolders                          1 calls
        1 ms  _CheckWindowsSDKInstalled                  1 calls
        1 ms  ComputeCLGeneratedLinkInputs               1 calls
        2 ms  FinalizeBuildStatus                        1 calls
        2 ms  WarnCompileDuplicatedFilename              1 calls
        2 ms  ManifestResourceCompile                    1 calls
        2 ms  _CheckForInvalidConfigurationAndPlatform   1 calls
        3 ms  PrepareForBuild                            1 calls
        4 ms  InitializeBuildStatus                      1 calls
        4 ms  ResourceCompile                            1 calls
      453 ms  Link                                       1 calls
      502 ms  ClCompile                                  1 calls

Task Performance Summary:
        0 ms  Message                                    3 calls
        0 ms  AssignProjectConfiguration                 1 calls
        0 ms  ReadLinesFromFile                          1 calls
        0 ms  AssignTargetPath                           6 calls
        0 ms  AssignCulture                              1 calls
        1 ms  SetEnv                                     8 calls
        1 ms  MSBuild                                    1 calls
        1 ms  Delete                                     1 calls
        1 ms  ResolvePackageFileConflicts                1 calls
        1 ms  WriteLinesToFile                           1 calls
        1 ms  GetOutOfDateItems                          1 calls
        2 ms  MakeDir                                    9 calls
        3 ms  Touch                                      2 calls
        5 ms  RC                                         2 calls
      452 ms  Link                                       1 calls
      500 ms  CL                                         1 calls
